[ 2018-04-17T09:20:17+08:00 ] 127.0.0.1 /index.php?s=/Pangu/uploadimgs
INFO: [ app_begin ] --START--
INFO: Run ReadHtmlCache Behavior [ RunTime:0.000000s ]
INFO: [ app_begin ] --END-- [ RunTime:0.000000s ]
NOTIC: [8192] mysql_connect(): The mysql extension is deprecated and will be removed in the future: use mysqli or PDO instead E:\web\picture\ThinkPHP\Lib\Driver\Db\DbMysql.class.php 第 55 行.
SQL: SHOW COLUMNS FROM `images` [ RunTime:0.000000s ]
SQL: select sku,path,name from images where id IN(318909,318908,318907,318906) [ RunTime:0.001000s ]

[ 2018-04-17T09:21:29+08:00 ] 127.0.0.1 /index.php?s=/Pangu/uploadimgs
INFO: [ app_begin ] --START--
INFO: Run ReadHtmlCache Behavior [ RunTime:0.001000s ]
INFO: [ app_begin ] --END-- [ RunTime:0.001000s ]
NOTIC: [8192] mysql_connect(): The mysql extension is deprecated and will be removed in the future: use mysqli or PDO instead E:\web\picture\ThinkPHP\Lib\Driver\Db\DbMysql.class.php 第 55 行.
SQL: SHOW COLUMNS FROM `images` [ RunTime:0.001000s ]
SQL: select sku,path,name from images where id IN(318909,318908,318907,318906) [ RunTime:0.001000s ]

[ 2018-04-17T09:23:12+08:00 ] 127.0.0.1 /index.php?s=/Pangu/uploadimgs
INFO: [ app_begin ] --START--
INFO: Run ReadHtmlCache Behavior [ RunTime:0.000000s ]
INFO: [ app_begin ] --END-- [ RunTime:0.000000s ]
NOTIC: [8192] mysql_connect(): The mysql extension is deprecated and will be removed in the future: use mysqli or PDO instead E:\web\picture\ThinkPHP\Lib\Driver\Db\DbMysql.class.php 第 55 行.
SQL: SHOW COLUMNS FROM `images` [ RunTime:0.000000s ]
SQL: select sku,path,name from images where id IN(318909,318908,318907,318906) [ RunTime:0.001000s ]

[ 2018-04-17T09:23:53+08:00 ] 127.0.0.1 /index.php?s=/Pangu/uploadimgs
INFO: [ app_begin ] --START--
INFO: Run ReadHtmlCache Behavior [ RunTime:0.000000s ]
INFO: [ app_begin ] --END-- [ RunTime:0.000000s ]
NOTIC: [8192] mysql_connect(): The mysql extension is deprecated and will be removed in the future: use mysqli or PDO instead E:\web\picture\ThinkPHP\Lib\Driver\Db\DbMysql.class.php 第 55 行.
SQL: SHOW COLUMNS FROM `images` [ RunTime:0.001000s ]
SQL: select sku,path,name from images where id IN(318909,318908,318907) [ RunTime:0.000000s ]

[ 2018-04-17T10:34:24+08:00 ] ERR: [4] syntax error, unexpected 'public' (T_PUBLIC) E:\web\picture\Lib\Action\PanguAction.class.php 第 31 行.
[ 2018-04-17T10:34:37+08:00 ] ERR: [4] syntax error, unexpected 'public' (T_PUBLIC) E:\web\picture\Lib\Action\PanguAction.class.php 第 31 行.
[ 2018-04-17T10:36:20+08:00 ] 127.0.0.1 /index.php?s=/Index/getbase64Img
INFO: [ app_begin ] --START--
INFO: Run ReadHtmlCache Behavior [ RunTime:0.001000s ]
INFO: [ app_begin ] --END-- [ RunTime:0.001000s ]
NOTIC: [8192] mysql_connect(): The mysql extension is deprecated and will be removed in the future: use mysqli or PDO instead E:\web\picture\ThinkPHP\Lib\Driver\Db\DbMysql.class.php 第 55 行.
SQL: SHOW COLUMNS FROM `images` [ RunTime:0.000000s ]
SQL: select path,name,id from images where id='318909' limit 1 [ RunTime:0.001000s ]
SQL: SHOW COLUMNS FROM `img_log` [ RunTime:0.001000s ]
SQL: insert into img_log(log,`user`,`addtime`,`type`)values('史玉龙-查看了【c5bf4f024716e2d8ee57acf467bcd485.jpg,id:318909】大图','史玉龙','1523932580','1'); [ RunTime:0.023002s ]

[ 2018-04-17T10:36:36+08:00 ] 127.0.0.1 /index.php?s=/Pangu/uploadimgs
INFO: [ app_begin ] --START--
INFO: Run ReadHtmlCache Behavior [ RunTime:0.001000s ]
INFO: [ app_begin ] --END-- [ RunTime:0.001000s ]
NOTIC: [8192] mysql_connect(): The mysql extension is deprecated and will be removed in the future: use mysqli or PDO instead E:\web\picture\ThinkPHP\Lib\Driver\Db\DbMysql.class.php 第 55 行.
SQL: SHOW COLUMNS FROM `images` [ RunTime:0.001000s ]
SQL: select sku,path,name from images where id IN(318909,318908,318907) [ RunTime:0.000000s ]

[ 2018-04-17T10:38:34+08:00 ] 127.0.0.1 /index.php?s=/Pangu/uploadimgs
INFO: [ app_begin ] --START--
INFO: Run ReadHtmlCache Behavior [ RunTime:0.000000s ]
INFO: [ app_begin ] --END-- [ RunTime:0.000000s ]
NOTIC: [8192] mysql_connect(): The mysql extension is deprecated and will be removed in the future: use mysqli or PDO instead E:\web\picture\ThinkPHP\Lib\Driver\Db\DbMysql.class.php 第 55 行.
SQL: SHOW COLUMNS FROM `images` [ RunTime:0.001000s ]
SQL: select sku,path,name from images where id IN(318909,318908,318907) [ RunTime:0.000000s ]

[ 2018-04-17T10:40:54+08:00 ] 127.0.0.1 /index.php?s=/Pangu/uploadimgs
INFO: [ app_begin ] --START--
INFO: Run ReadHtmlCache Behavior [ RunTime:0.001000s ]
INFO: [ app_begin ] --END-- [ RunTime:0.001000s ]
NOTIC: [8192] mysql_connect(): The mysql extension is deprecated and will be removed in the future: use mysqli or PDO instead E:\web\picture\ThinkPHP\Lib\Driver\Db\DbMysql.class.php 第 55 行.
SQL: SHOW COLUMNS FROM `images` [ RunTime:0.001000s ]
SQL: select sku,path,name from images where id IN(318909,318908,318907) [ RunTime:0.001000s ]

[ 2018-04-17T10:42:23+08:00 ] 127.0.0.1 /index.php?s=/Pangu/uploadimgs
INFO: [ app_begin ] --START--
INFO: Run ReadHtmlCache Behavior [ RunTime:0.001000s ]
INFO: [ app_begin ] --END-- [ RunTime:0.001000s ]
NOTIC: [8192] mysql_connect(): The mysql extension is deprecated and will be removed in the future: use mysqli or PDO instead E:\web\picture\ThinkPHP\Lib\Driver\Db\DbMysql.class.php 第 55 行.
SQL: SHOW COLUMNS FROM `images` [ RunTime:0.001000s ]
SQL: select sku,path,name from images where id IN(318909,318908,318907) [ RunTime:0.001000s ]

[ 2018-04-17T11:06:28+08:00 ] 127.0.0.1 /index.php?s=/Pangu/uploadimgs
INFO: [ app_begin ] --START--
INFO: Run ReadHtmlCache Behavior [ RunTime:0.001000s ]
INFO: [ app_begin ] --END-- [ RunTime:0.001000s ]
NOTIC: [8192] mysql_connect(): The mysql extension is deprecated and will be removed in the future: use mysqli or PDO instead E:\web\picture\ThinkPHP\Lib\Driver\Db\DbMysql.class.php 第 55 行.
SQL: SHOW COLUMNS FROM `images` [ RunTime:0.000000s ]
SQL: select sku,path,name from images where id IN(318949,318948,318947,318946,318945) [ RunTime:0.001000s ]

[ 2018-04-17T11:09:45+08:00 ] 127.0.0.1 /index.php?s=/Pangu/uploadimgs
INFO: [ app_begin ] --START--
INFO: Run ReadHtmlCache Behavior [ RunTime:0.001000s ]
INFO: [ app_begin ] --END-- [ RunTime:0.001000s ]
NOTIC: [8192] mysql_connect(): The mysql extension is deprecated and will be removed in the future: use mysqli or PDO instead E:\web\picture\ThinkPHP\Lib\Driver\Db\DbMysql.class.php 第 55 行.
SQL: SHOW COLUMNS FROM `images` [ RunTime:0.000000s ]
SQL: select sku,path,name from images where id IN(318949,318948,318947) [ RunTime:0.001000s ]

[ 2018-04-17T11:11:16+08:00 ] 127.0.0.1 /index.php?s=/Index/getbase64Img
INFO: [ app_begin ] --START--
INFO: Run ReadHtmlCache Behavior [ RunTime:0.000000s ]
INFO: [ app_begin ] --END-- [ RunTime:0.000000s ]
NOTIC: [8192] mysql_connect(): The mysql extension is deprecated and will be removed in the future: use mysqli or PDO instead E:\web\picture\ThinkPHP\Lib\Driver\Db\DbMysql.class.php 第 55 行.
SQL: SHOW COLUMNS FROM `images` [ RunTime:0.000000s ]
SQL: select path,name,id from images where id='318945' limit 1 [ RunTime:0.000000s ]
SQL: SHOW COLUMNS FROM `img_log` [ RunTime:0.001000s ]
SQL: insert into img_log(log,`user`,`addtime`,`type`)values('史玉龙-查看了【3f03f98659f96e868ce9514f514922a7.jpeg,id:318945】大图','史玉龙','1523934676','1'); [ RunTime:0.000000s ]

[ 2018-04-17T11:11:29+08:00 ] 127.0.0.1 /index.php?s=/Pangu/uploadimgs
INFO: [ app_begin ] --START--
INFO: Run ReadHtmlCache Behavior [ RunTime:0.001000s ]
INFO: [ app_begin ] --END-- [ RunTime:0.001000s ]
NOTIC: [8192] mysql_connect(): The mysql extension is deprecated and will be removed in the future: use mysqli or PDO instead E:\web\picture\ThinkPHP\Lib\Driver\Db\DbMysql.class.php 第 55 行.
SQL: SHOW COLUMNS FROM `images` [ RunTime:0.001000s ]
SQL: select sku,path,name from images where id IN(318949,318948,318947,318946) [ RunTime:0.001001s ]

[ 2018-04-17T11:12:04+08:00 ] 127.0.0.1 /index.php?s=/Pangu/uploadimgs
INFO: [ app_begin ] --START--
INFO: Run ReadHtmlCache Behavior [ RunTime:0.000000s ]
INFO: [ app_begin ] --END-- [ RunTime:0.000000s ]
NOTIC: [8192] mysql_connect(): The mysql extension is deprecated and will be removed in the future: use mysqli or PDO instead E:\web\picture\ThinkPHP\Lib\Driver\Db\DbMysql.class.php 第 55 行.
SQL: SHOW COLUMNS FROM `images` [ RunTime:0.000000s ]
SQL: select sku,path,name from images where id IN(318949,318948,318947) [ RunTime:0.001000s ]
NOTIC: [8] Undefined variable: connection E:\web\picture\Lib\Action\PanguAction.class.php 第 75 行.
NOTIC: [2] curl_setopt() expects parameter 1 to be resource, null given E:\web\picture\Lib\Action\PanguAction.class.php 第 75 行.

[ 2018-04-17T11:12:36+08:00 ] 127.0.0.1 /index.php?s=/Pangu/uploadimgs
INFO: [ app_begin ] --START--
INFO: Run ReadHtmlCache Behavior [ RunTime:0.000000s ]
INFO: [ app_begin ] --END-- [ RunTime:0.000000s ]
NOTIC: [8192] mysql_connect(): The mysql extension is deprecated and will be removed in the future: use mysqli or PDO instead E:\web\picture\ThinkPHP\Lib\Driver\Db\DbMysql.class.php 第 55 行.
SQL: SHOW COLUMNS FROM `images` [ RunTime:0.001000s ]
SQL: select sku,path,name from images where id IN(318949) [ RunTime:0.000000s ]

[ 2018-04-17T11:27:00+08:00 ] 127.0.0.1 /index.php?s=/Pangu/uploadimgs
INFO: [ app_begin ] --START--
INFO: Run ReadHtmlCache Behavior [ RunTime:0.000000s ]
INFO: [ app_begin ] --END-- [ RunTime:0.000000s ]
NOTIC: [8192] mysql_connect(): The mysql extension is deprecated and will be removed in the future: use mysqli or PDO instead E:\web\picture\ThinkPHP\Lib\Driver\Db\DbMysql.class.php 第 55 行.
SQL: SHOW COLUMNS FROM `images` [ RunTime:0.001000s ]
SQL: select sku,path,name from images where id IN(318949,318948) [ RunTime:0.000000s ]

[ 2018-04-17T11:34:42+08:00 ] 127.0.0.1 /index.php?s=/Pangu/uploadimgs
INFO: [ app_begin ] --START--
INFO: Run ReadHtmlCache Behavior [ RunTime:0.000000s ]
INFO: [ app_begin ] --END-- [ RunTime:0.000000s ]
NOTIC: [8192] mysql_connect(): The mysql extension is deprecated and will be removed in the future: use mysqli or PDO instead E:\web\picture\ThinkPHP\Lib\Driver\Db\DbMysql.class.php 第 55 行.
SQL: SHOW COLUMNS FROM `images` [ RunTime:0.000000s ]
SQL: select sku,path,name from images where id IN(318949,318948) [ RunTime:0.001000s ]

[ 2018-04-17T11:36:03+08:00 ] 127.0.0.1 /index.php?s=/Pangu/uploadimgs
INFO: [ app_begin ] --START--
INFO: Run ReadHtmlCache Behavior [ RunTime:0.000000s ]
INFO: [ app_begin ] --END-- [ RunTime:0.000000s ]
NOTIC: [8192] mysql_connect(): The mysql extension is deprecated and will be removed in the future: use mysqli or PDO instead E:\web\picture\ThinkPHP\Lib\Driver\Db\DbMysql.class.php 第 55 行.
SQL: SHOW COLUMNS FROM `images` [ RunTime:0.001000s ]
SQL: select sku,path,name from images where id IN(318949,318948) [ RunTime:0.001000s ]

[ 2018-04-17T11:44:50+08:00 ] 127.0.0.1 /index.php?s=/Pangu/uploadimgs
INFO: [ app_begin ] --START--
INFO: Run ReadHtmlCache Behavior [ RunTime:0.000000s ]
INFO: [ app_begin ] --END-- [ RunTime:0.000000s ]
NOTIC: [8192] mysql_connect(): The mysql extension is deprecated and will be removed in the future: use mysqli or PDO instead E:\web\picture\ThinkPHP\Lib\Driver\Db\DbMysql.class.php 第 55 行.
SQL: SHOW COLUMNS FROM `images` [ RunTime:0.000000s ]
SQL: select sku,path,name from images where id IN(318949) [ RunTime:0.000000s ]

[ 2018-04-17T11:50:13+08:00 ] 127.0.0.1 /index.php?s=/Pangu/uploadimgs
INFO: [ app_begin ] --START--
INFO: Run ReadHtmlCache Behavior [ RunTime:0.000000s ]
INFO: [ app_begin ] --END-- [ RunTime:0.000000s ]
NOTIC: [8192] mysql_connect(): The mysql extension is deprecated and will be removed in the future: use mysqli or PDO instead E:\web\picture\ThinkPHP\Lib\Driver\Db\DbMysql.class.php 第 55 行.
SQL: SHOW COLUMNS FROM `images` [ RunTime:0.001000s ]
SQL: select sku,path,name from images where id IN(318949,318948,318947) [ RunTime:0.031002s ]

[ 2018-04-17T13:46:38+08:00 ] 127.0.0.1 /index.php?s=/Pangu/uploadimgs
INFO: [ app_begin ] --START--
INFO: Run ReadHtmlCache Behavior [ RunTime:0.000000s ]
INFO: [ app_begin ] --END-- [ RunTime:0.001000s ]
NOTIC: [8192] mysql_connect(): The mysql extension is deprecated and will be removed in the future: use mysqli or PDO instead E:\web\picture\ThinkPHP\Lib\Driver\Db\DbMysql.class.php 第 55 行.
SQL: SHOW COLUMNS FROM `images` [ RunTime:0.001000s ]
SQL: select sku,path,name from images where id IN(318949,318948,318947,318946) [ RunTime:0.001000s ]

[ 2018-04-17T13:52:48+08:00 ] 127.0.0.1 /index.php?s=/Pangu/uploadimgs
INFO: [ app_begin ] --START--
INFO: Run ReadHtmlCache Behavior [ RunTime:0.001000s ]
INFO: [ app_begin ] --END-- [ RunTime:0.001000s ]
NOTIC: [8192] mysql_connect(): The mysql extension is deprecated and will be removed in the future: use mysqli or PDO instead E:\web\picture\ThinkPHP\Lib\Driver\Db\DbMysql.class.php 第 55 行.
SQL: SHOW COLUMNS FROM `images` [ RunTime:0.001000s ]
SQL: select sku,path,name from images where id IN(318949) [ RunTime:0.000000s ]

[ 2018-04-17T15:11:11+08:00 ] 127.0.0.1 /index.php?s=/Pangu/uploadimgs
INFO: [ app_begin ] --START--
INFO: Run ReadHtmlCache Behavior [ RunTime:0.000000s ]
INFO: [ app_begin ] --END-- [ RunTime:0.000000s ]
NOTIC: [8192] mysql_connect(): The mysql extension is deprecated and will be removed in the future: use mysqli or PDO instead E:\web\picture\ThinkPHP\Lib\Driver\Db\DbMysql.class.php 第 55 行.
SQL: SHOW COLUMNS FROM `images` [ RunTime:0.000000s ]
SQL: select sku,path,name from images where id IN(318949,318948) [ RunTime:0.000000s ]

[ 2018-04-17T16:24:04+08:00 ] 127.0.0.1 /index.php?s=/Pangu/uploadimgs
INFO: [ app_begin ] --START--
INFO: Run ReadHtmlCache Behavior [ RunTime:0.001000s ]
INFO: [ app_begin ] --END-- [ RunTime:0.001000s ]
NOTIC: [8192] mysql_connect(): The mysql extension is deprecated and will be removed in the future: use mysqli or PDO instead E:\web\picture\ThinkPHP\Lib\Driver\Db\DbMysql.class.php 第 55 行.
SQL: SHOW COLUMNS FROM `images` [ RunTime:0.000000s ]
SQL: select sku,path,name from images where id IN(318801,318800,318799) [ RunTime:0.070004s ]

[ 2018-04-17T16:42:56+08:00 ] 127.0.0.1 /index.php?s=/Pangu/uploadimgs
INFO: [ app_begin ] --START--
INFO: Run ReadHtmlCache Behavior [ RunTime:0.000000s ]
INFO: [ app_begin ] --END-- [ RunTime:0.000000s ]
NOTIC: [8192] mysql_connect(): The mysql extension is deprecated and will be removed in the future: use mysqli or PDO instead E:\web\picture\ThinkPHP\Lib\Driver\Db\DbMysql.class.php 第 55 行.
SQL: SHOW COLUMNS FROM `images` [ RunTime:0.001000s ]
SQL: select sku,path,name from images where id IN(318949,318948,318947,318946,318945) [ RunTime:0.019001s ]

[ 2018-04-17T16:45:24+08:00 ] 127.0.0.1 /index.php?s=/Pangu/uploadimgs
INFO: [ app_begin ] --START--
INFO: Run ReadHtmlCache Behavior [ RunTime:0.001000s ]
INFO: [ app_begin ] --END-- [ RunTime:0.001000s ]
NOTIC: [8192] mysql_connect(): The mysql extension is deprecated and will be removed in the future: use mysqli or PDO instead E:\web\picture\ThinkPHP\Lib\Driver\Db\DbMysql.class.php 第 55 行.
SQL: SHOW COLUMNS FROM `images` [ RunTime:0.001000s ]
SQL: select sku,path,name from images where id IN(318949,318948,318947,318946,318945) [ RunTime:0.001000s ]

[ 2018-04-17T16:47:23+08:00 ] 127.0.0.1 /index.php?s=/Index/getbase64Img
INFO: [ app_begin ] --START--
INFO: Run ReadHtmlCache Behavior [ RunTime:0.000000s ]
INFO: [ app_begin ] --END-- [ RunTime:0.000000s ]
NOTIC: [8192] mysql_connect(): The mysql extension is deprecated and will be removed in the future: use mysqli or PDO instead E:\web\picture\ThinkPHP\Lib\Driver\Db\DbMysql.class.php 第 55 行.
SQL: SHOW COLUMNS FROM `images` [ RunTime:0.001000s ]
SQL: select path,name,id from images where id='318947' limit 1 [ RunTime:0.001000s ]
SQL: SHOW COLUMNS FROM `img_log` [ RunTime:0.000000s ]
SQL: insert into img_log(log,`user`,`addtime`,`type`)values('史玉龙-查看了【7d9929b10f838b256f01b388d18cfa26.jpeg,id:318947】大图','史玉龙','1523954843','1'); [ RunTime:0.289017s ]

[ 2018-04-17T16:47:36+08:00 ] 127.0.0.1 /index.php?s=/Pangu/uploadimgs
INFO: [ app_begin ] --START--
INFO: Run ReadHtmlCache Behavior [ RunTime:0.001001s ]
INFO: [ app_begin ] --END-- [ RunTime:0.001001s ]
NOTIC: [8192] mysql_connect(): The mysql extension is deprecated and will be removed in the future: use mysqli or PDO instead E:\web\picture\ThinkPHP\Lib\Driver\Db\DbMysql.class.php 第 55 行.
SQL: SHOW COLUMNS FROM `images` [ RunTime:0.001000s ]
SQL: select sku,path,name from images where id IN(318947,318946,318945,318944) [ RunTime:0.000000s ]

[ 2018-04-17T16:49:18+08:00 ] 127.0.0.1 /index.php?s=/Pangu/uploadimgs
INFO: [ app_begin ] --START--
INFO: Run ReadHtmlCache Behavior [ RunTime:0.001000s ]
INFO: [ app_begin ] --END-- [ RunTime:0.001000s ]
NOTIC: [8192] mysql_connect(): The mysql extension is deprecated and will be removed in the future: use mysqli or PDO instead E:\web\picture\ThinkPHP\Lib\Driver\Db\DbMysql.class.php 第 55 行.
SQL: SHOW COLUMNS FROM `images` [ RunTime:0.000000s ]
SQL: select sku,path,name from images where id IN(318949,318948,318947,318946) [ RunTime:0.000000s ]

[ 2018-04-17T16:59:53+08:00 ] 127.0.0.1 /index.php?s=/Pangu/uploadimgs
INFO: [ app_begin ] --START--
INFO: Run ReadHtmlCache Behavior [ RunTime:0.001000s ]
INFO: [ app_begin ] --END-- [ RunTime:0.001000s ]
NOTIC: [8192] mysql_connect(): The mysql extension is deprecated and will be removed in the future: use mysqli or PDO instead E:\web\picture\ThinkPHP\Lib\Driver\Db\DbMysql.class.php 第 55 行.
SQL: SHOW COLUMNS FROM `images` [ RunTime:0.000000s ]
SQL: select sku,path,name from images where id IN(318949,318948,318947,318946) [ RunTime:0.000000s ]

[ 2018-04-17T17:02:12+08:00 ] 127.0.0.1 /index.php?s=/Pangu/uploadimgs
INFO: [ app_begin ] --START--
INFO: Run ReadHtmlCache Behavior [ RunTime:0.001000s ]
INFO: [ app_begin ] --END-- [ RunTime:0.001000s ]
NOTIC: [8192] mysql_connect(): The mysql extension is deprecated and will be removed in the future: use mysqli or PDO instead E:\web\picture\ThinkPHP\Lib\Driver\Db\DbMysql.class.php 第 55 行.
SQL: SHOW COLUMNS FROM `images` [ RunTime:0.000000s ]
SQL: select sku,path,name from images where id IN(318949,318948,318947) [ RunTime:0.001000s ]

