[ 2018-04-18T17:19:08+08:00 ] 127.0.0.1 /index.php?s=/Index/getbase64Img
INFO: [ app_begin ] --START--
INFO: Run ReadHtmlCache Behavior [ RunTime:0.001000s ]
INFO: [ app_begin ] --END-- [ RunTime:0.001000s ]
NOTIC: [8192] mysql_connect(): The mysql extension is deprecated and will be removed in the future: use mysqli or PDO instead E:\web\picture\ThinkPHP\Lib\Driver\Db\DbMysql.class.php 第 55 行.
SQL: SHOW COLUMNS FROM `images` [ RunTime:0.000000s ]
SQL: select path,name,id from images where id='319035' limit 1 [ RunTime:0.000000s ]
SQL: SHOW COLUMNS FROM `img_log` [ RunTime:0.097006s ]
SQL: insert into img_log(log,`user`,`addtime`,`type`)values('史玉龙-查看了【u=3588772980,2454248748&fm=27&gp=0.jpg,id:319035】大图','史玉龙','1524043147','1'); [ RunTime:0.877050s ]

[ 2018-04-18T17:19:16+08:00 ] 127.0.0.1 /index.php?s=/Pangu/uploadimgs
INFO: [ app_begin ] --START--
INFO: Run ReadHtmlCache Behavior [ RunTime:0.001000s ]
INFO: [ app_begin ] --END-- [ RunTime:0.001000s ]
NOTIC: [8192] mysql_connect(): The mysql extension is deprecated and will be removed in the future: use mysqli or PDO instead E:\web\picture\ThinkPHP\Lib\Driver\Db\DbMysql.class.php 第 55 行.
SQL: SHOW COLUMNS FROM `images` [ RunTime:0.001000s ]

[ 2018-04-18T20:25:43+08:00 ] 127.0.0.1 /index.php?s=/Pangu/uploadimgs
INFO: [ app_begin ] --START--
INFO: Run ReadHtmlCache Behavior [ RunTime:0.000000s ]
INFO: [ app_begin ] --END-- [ RunTime:0.000000s ]
NOTIC: [8192] mysql_connect(): The mysql extension is deprecated and will be removed in the future: use mysqli or PDO instead E:\web\picture\ThinkPHP\Lib\Driver\Db\DbMysql.class.php 第 55 行.
SQL: SHOW COLUMNS FROM `images` [ RunTime:0.001000s ]
SQL: select sku,path,name from images where id IN(319035) [ RunTime:0.000000s ]

[ 2018-04-18T20:26:59+08:00 ] 127.0.0.1 /index.php?s=/Pangu/uploadimgs
INFO: [ app_begin ] --START--
INFO: Run ReadHtmlCache Behavior [ RunTime:0.001000s ]
INFO: [ app_begin ] --END-- [ RunTime:0.001000s ]
NOTIC: [8192] mysql_connect(): The mysql extension is deprecated and will be removed in the future: use mysqli or PDO instead E:\web\picture\ThinkPHP\Lib\Driver\Db\DbMysql.class.php 第 55 行.
SQL: SHOW COLUMNS FROM `images` [ RunTime:0.000000s ]
SQL: select sku,path,name from images where id IN(319035) [ RunTime:0.000000s ]

[ 2018-04-18T20:49:00+08:00 ] 127.0.0.1 /index.php?s=/Pangu/uploadimgs
INFO: [ app_begin ] --START--
INFO: Run ReadHtmlCache Behavior [ RunTime:0.001000s ]
INFO: [ app_begin ] --END-- [ RunTime:0.001000s ]
NOTIC: [8192] mysql_connect(): The mysql extension is deprecated and will be removed in the future: use mysqli or PDO instead E:\web\picture\ThinkPHP\Lib\Driver\Db\DbMysql.class.php 第 55 行.
SQL: SHOW COLUMNS FROM `images` [ RunTime:0.001000s ]
SQL: select sku,path,name from images where id IN(319035) [ RunTime:0.000000s ]

[ 2018-04-18T20:50:09+08:00 ] 127.0.0.1 /index.php?s=/Pangu/uploadimgs
INFO: [ app_begin ] --START--
INFO: Run ReadHtmlCache Behavior [ RunTime:0.000000s ]
INFO: [ app_begin ] --END-- [ RunTime:0.000000s ]
NOTIC: [8192] mysql_connect(): The mysql extension is deprecated and will be removed in the future: use mysqli or PDO instead E:\web\picture\ThinkPHP\Lib\Driver\Db\DbMysql.class.php 第 55 行.
SQL: SHOW COLUMNS FROM `images` [ RunTime:0.000000s ]
SQL: select sku,path,name from images where id IN(319035) [ RunTime:0.001000s ]
NOTIC: [8] Undefined variable: data E:\web\picture\Lib\Action\PanguAction.class.php 第 50 行.

[ 2018-04-18T20:50:32+08:00 ] 127.0.0.1 /index.php?s=/Pangu/uploadimgs
INFO: [ app_begin ] --START--
INFO: Run ReadHtmlCache Behavior [ RunTime:0.000000s ]
INFO: [ app_begin ] --END-- [ RunTime:0.000000s ]
NOTIC: [8192] mysql_connect(): The mysql extension is deprecated and will be removed in the future: use mysqli or PDO instead E:\web\picture\ThinkPHP\Lib\Driver\Db\DbMysql.class.php 第 55 行.
SQL: SHOW COLUMNS FROM `images` [ RunTime:0.001000s ]
SQL: select sku,path,name from images where id IN(319035) [ RunTime:0.000000s ]

