[ 2019-01-11T11:27:29+08:00 ] 127.0.0.1 /index.php?s=/Index/getbase64Img
INFO: [ app_begin ] --START--
INFO: Run ReadHtmlCache Behavior [ RunTime:0.001000s ]
INFO: [ app_begin ] --END-- [ RunTime:0.001000s ]
NOTIC: [8192] mysql_connect(): The mysql extension is deprecated and will be removed in the future: use mysqli or PDO instead E:\web\picture\ThinkPHP\Lib\Driver\Db\DbMysql.class.php 第 55 行.
SQL: SHOW COLUMNS FROM `images` [ RunTime:0.000000s ]
SQL: select path,name,id from images where id='320366' limit 1 [ RunTime:0.001000s ]
SQL: SHOW COLUMNS FROM `img_log` [ RunTime:0.000000s ]
SQL: insert into img_log(log,`user`,`addtime`,`type`)values('史玉龙-查看了【3e5535c530c9ae2669a50e617189ae4a.jpg,id:320366】大图','史玉龙','1547177249','1'); [ RunTime:0.022002s ]

[ 2019-01-11T11:27:44+08:00 ] 127.0.0.1 /index.php?s=/Pangu/uploadimgs
INFO: [ app_begin ] --START--
INFO: Run ReadHtmlCache Behavior [ RunTime:0.000000s ]
INFO: [ app_begin ] --END-- [ RunTime:0.000000s ]
NOTIC: [8192] mysql_connect(): The mysql extension is deprecated and will be removed in the future: use mysqli or PDO instead E:\web\picture\ThinkPHP\Lib\Driver\Db\DbMysql.class.php 第 55 行.
SQL: SHOW COLUMNS FROM `images` [ RunTime:0.001000s ]
SQL: select sku,path,name from images where id IN(320366) [ RunTime:0.001001s ]

[ 2019-01-11T11:37:48+08:00 ] 127.0.0.1 /index.php?s=/Pangu/uploadimgs
INFO: [ app_begin ] --START--
INFO: Run ReadHtmlCache Behavior [ RunTime:0.001000s ]
INFO: [ app_begin ] --END-- [ RunTime:0.001000s ]
NOTIC: [8192] mysql_connect(): The mysql extension is deprecated and will be removed in the future: use mysqli or PDO instead E:\web\picture\ThinkPHP\Lib\Driver\Db\DbMysql.class.php 第 55 行.
SQL: SHOW COLUMNS FROM `images` [ RunTime:0.001000s ]
SQL: select sku,path,name from images where id IN(320366) [ RunTime:0.000000s ]

[ 2019-01-11T11:40:11+08:00 ] 127.0.0.1 /index.php?s=/Pangu/uploadimgs
INFO: [ app_begin ] --START--
INFO: Run ReadHtmlCache Behavior [ RunTime:0.001000s ]
INFO: [ app_begin ] --END-- [ RunTime:0.001000s ]
NOTIC: [8192] mysql_connect(): The mysql extension is deprecated and will be removed in the future: use mysqli or PDO instead E:\web\picture\ThinkPHP\Lib\Driver\Db\DbMysql.class.php 第 55 行.
SQL: SHOW COLUMNS FROM `images` [ RunTime:0.001000s ]
SQL: select sku,path,name from images where id IN(320366) [ RunTime:0.001000s ]

[ 2019-01-11T11:43:30+08:00 ] 127.0.0.1 /index.php?s=/Pangu/uploadimgs
INFO: [ app_begin ] --START--
INFO: Run ReadHtmlCache Behavior [ RunTime:0.001000s ]
INFO: [ app_begin ] --END-- [ RunTime:0.001000s ]
NOTIC: [8192] mysql_connect(): The mysql extension is deprecated and will be removed in the future: use mysqli or PDO instead E:\web\picture\ThinkPHP\Lib\Driver\Db\DbMysql.class.php 第 55 行.
SQL: SHOW COLUMNS FROM `images` [ RunTime:0.000000s ]
SQL: select sku,path,name from images where id IN(320366) [ RunTime:0.000000s ]

[ 2019-01-11T11:44:21+08:00 ] 127.0.0.1 /index.php?s=/Pangu/uploadimgs
INFO: [ app_begin ] --START--
INFO: Run ReadHtmlCache Behavior [ RunTime:0.000000s ]
INFO: [ app_begin ] --END-- [ RunTime:0.000000s ]
NOTIC: [8192] mysql_connect(): The mysql extension is deprecated and will be removed in the future: use mysqli or PDO instead E:\web\picture\ThinkPHP\Lib\Driver\Db\DbMysql.class.php 第 55 行.
SQL: SHOW COLUMNS FROM `images` [ RunTime:0.000000s ]
SQL: select sku,path,name from images where id IN(320366) [ RunTime:0.000000s ]

[ 2019-01-11T11:45:36+08:00 ] 127.0.0.1 /index.php?s=/Pangu/uploadimgs
INFO: [ app_begin ] --START--
INFO: Run ReadHtmlCache Behavior [ RunTime:0.000000s ]
INFO: [ app_begin ] --END-- [ RunTime:0.000000s ]
NOTIC: [8192] mysql_connect(): The mysql extension is deprecated and will be removed in the future: use mysqli or PDO instead E:\web\picture\ThinkPHP\Lib\Driver\Db\DbMysql.class.php 第 55 行.
SQL: SHOW COLUMNS FROM `images` [ RunTime:0.001000s ]
SQL: select sku,path,name from images where id IN(320366) [ RunTime:0.000000s ]

[ 2019-01-11T11:48:03+08:00 ] 127.0.0.1 /index.php?s=/Pangu/uploadimgs
INFO: [ app_begin ] --START--
INFO: Run ReadHtmlCache Behavior [ RunTime:0.000000s ]
INFO: [ app_begin ] --END-- [ RunTime:0.000000s ]
NOTIC: [8192] mysql_connect(): The mysql extension is deprecated and will be removed in the future: use mysqli or PDO instead E:\web\picture\ThinkPHP\Lib\Driver\Db\DbMysql.class.php 第 55 行.
SQL: SHOW COLUMNS FROM `images` [ RunTime:0.000000s ]
SQL: select sku,path,name from images where id IN(320366) [ RunTime:0.000000s ]

[ 2019-01-11T11:50:55+08:00 ] 127.0.0.1 /index.php?s=/Pangu/uploadimgs
INFO: [ app_begin ] --START--
INFO: Run ReadHtmlCache Behavior [ RunTime:0.000000s ]
INFO: [ app_begin ] --END-- [ RunTime:0.000000s ]
NOTIC: [8192] mysql_connect(): The mysql extension is deprecated and will be removed in the future: use mysqli or PDO instead E:\web\picture\ThinkPHP\Lib\Driver\Db\DbMysql.class.php 第 55 行.
SQL: SHOW COLUMNS FROM `images` [ RunTime:0.000000s ]
SQL: select sku,path,name from images where id IN(320366) [ RunTime:0.001000s ]

[ 2019-01-11T11:55:02+08:00 ] 127.0.0.1 /index.php?s=/Pangu/uploadimgs
INFO: [ app_begin ] --START--
INFO: Run ReadHtmlCache Behavior [ RunTime:0.001000s ]
INFO: [ app_begin ] --END-- [ RunTime:0.001000s ]
NOTIC: [8192] mysql_connect(): The mysql extension is deprecated and will be removed in the future: use mysqli or PDO instead E:\web\picture\ThinkPHP\Lib\Driver\Db\DbMysql.class.php 第 55 行.
SQL: SHOW COLUMNS FROM `images` [ RunTime:0.000000s ]
SQL: select sku,path,name from images where id IN(320366) [ RunTime:0.001000s ]

[ 2019-01-11T11:55:52+08:00 ] 127.0.0.1 /index.php?s=/Pangu/uploadimgs
INFO: [ app_begin ] --START--
INFO: Run ReadHtmlCache Behavior [ RunTime:0.001000s ]
INFO: [ app_begin ] --END-- [ RunTime:0.001000s ]
NOTIC: [8192] mysql_connect(): The mysql extension is deprecated and will be removed in the future: use mysqli or PDO instead E:\web\picture\ThinkPHP\Lib\Driver\Db\DbMysql.class.php 第 55 行.
SQL: SHOW COLUMNS FROM `images` [ RunTime:0.000000s ]
SQL: select sku,path,name from images where id IN(320366) [ RunTime:0.000000s ]

[ 2019-01-11T12:43:44+08:00 ] 127.0.0.1 /index.php?s=/Pangu/uploadimgs
INFO: [ app_begin ] --START--
INFO: Run ReadHtmlCache Behavior [ RunTime:0.000000s ]
INFO: [ app_begin ] --END-- [ RunTime:0.000000s ]
NOTIC: [8192] mysql_connect(): The mysql extension is deprecated and will be removed in the future: use mysqli or PDO instead E:\web\picture\ThinkPHP\Lib\Driver\Db\DbMysql.class.php 第 55 行.
SQL: SHOW COLUMNS FROM `images` [ RunTime:0.001000s ]
SQL: select sku,path,name from images where id IN(320366) [ RunTime:0.000000s ]

[ 2019-01-11T13:45:37+08:00 ] 127.0.0.1 /index.php?s=/Pangu/uploadimgs
INFO: [ app_begin ] --START--
INFO: Run ReadHtmlCache Behavior [ RunTime:0.001000s ]
INFO: [ app_begin ] --END-- [ RunTime:0.001000s ]
NOTIC: [8192] mysql_connect(): The mysql extension is deprecated and will be removed in the future: use mysqli or PDO instead E:\web\picture\ThinkPHP\Lib\Driver\Db\DbMysql.class.php 第 55 行.
SQL: SHOW COLUMNS FROM `images` [ RunTime:0.001000s ]
SQL: select sku,path,name from images where id IN(320366) [ RunTime:0.000000s ]

[ 2019-01-11T13:48:36+08:00 ] 127.0.0.1 /index.php?s=/Index/getbase64Img
INFO: [ app_begin ] --START--
INFO: Run ReadHtmlCache Behavior [ RunTime:0.000000s ]
INFO: [ app_begin ] --END-- [ RunTime:0.000000s ]
NOTIC: [8192] mysql_connect(): The mysql extension is deprecated and will be removed in the future: use mysqli or PDO instead E:\web\picture\ThinkPHP\Lib\Driver\Db\DbMysql.class.php 第 55 行.
SQL: SHOW COLUMNS FROM `images` [ RunTime:0.000000s ]
SQL: select path,name,id from images where id='320362' limit 1 [ RunTime:0.000000s ]
SQL: SHOW COLUMNS FROM `img_log` [ RunTime:0.001000s ]
SQL: insert into img_log(log,`user`,`addtime`,`type`)values('史玉龙-查看了【2bc7bebed96e311b8b698e4e7546581b.jpeg,id:320362】大图','史玉龙','1547185716','1'); [ RunTime:0.000000s ]

[ 2019-01-11T13:48:56+08:00 ] 127.0.0.1 /index.php?s=/Index/getbase64Img
INFO: [ app_begin ] --START--
INFO: Run ReadHtmlCache Behavior [ RunTime:0.001000s ]
INFO: [ app_begin ] --END-- [ RunTime:0.001000s ]
NOTIC: [8192] mysql_connect(): The mysql extension is deprecated and will be removed in the future: use mysqli or PDO instead E:\web\picture\ThinkPHP\Lib\Driver\Db\DbMysql.class.php 第 55 行.
SQL: SHOW COLUMNS FROM `images` [ RunTime:0.000000s ]
SQL: select path,name,id from images where id='320353' limit 1 [ RunTime:0.001000s ]
SQL: SHOW COLUMNS FROM `img_log` [ RunTime:0.001000s ]
SQL: insert into img_log(log,`user`,`addtime`,`type`)values('史玉龙-查看了【2bc7bebed96e311b8b698e4e7546581b.jpeg,id:320353】大图','史玉龙','1547185736','1'); [ RunTime:0.000000s ]

[ 2019-01-11T13:56:19+08:00 ] 127.0.0.1 /index.php?s=/Pangu/uploadimgs
INFO: [ app_begin ] --START--
INFO: Run ReadHtmlCache Behavior [ RunTime:0.001000s ]
INFO: [ app_begin ] --END-- [ RunTime:0.001000s ]
NOTIC: [8192] mysql_connect(): The mysql extension is deprecated and will be removed in the future: use mysqli or PDO instead E:\web\picture\ThinkPHP\Lib\Driver\Db\DbMysql.class.php 第 55 行.
SQL: SHOW COLUMNS FROM `images` [ RunTime:0.001000s ]
SQL: select sku,path,name from images where id IN(320366) [ RunTime:0.000000s ]

[ 2019-01-11T13:59:58+08:00 ] 127.0.0.1 /index.php?s=/Pangu/uploadimgs
INFO: [ app_begin ] --START--
INFO: Run ReadHtmlCache Behavior [ RunTime:0.000000s ]
INFO: [ app_begin ] --END-- [ RunTime:0.000000s ]
NOTIC: [8192] mysql_connect(): The mysql extension is deprecated and will be removed in the future: use mysqli or PDO instead E:\web\picture\ThinkPHP\Lib\Driver\Db\DbMysql.class.php 第 55 行.
SQL: SHOW COLUMNS FROM `images` [ RunTime:0.001000s ]
SQL: select sku,path,name from images where id IN(320366) [ RunTime:0.000000s ]

[ 2019-01-11T14:14:00+08:00 ] 127.0.0.1 /index.php?s=/Pangu/uploadimgs
INFO: [ app_begin ] --START--
INFO: Run ReadHtmlCache Behavior [ RunTime:0.000000s ]
INFO: [ app_begin ] --END-- [ RunTime:0.000000s ]
NOTIC: [8192] mysql_connect(): The mysql extension is deprecated and will be removed in the future: use mysqli or PDO instead E:\web\picture\ThinkPHP\Lib\Driver\Db\DbMysql.class.php 第 55 行.
SQL: SHOW COLUMNS FROM `images` [ RunTime:0.000000s ]
SQL: select sku,path,name from images where id IN(320366) [ RunTime:0.001000s ]

[ 2019-01-11T14:15:13+08:00 ] 127.0.0.1 /index.php?s=/Pangu/uploadimgs
INFO: [ app_begin ] --START--
INFO: Run ReadHtmlCache Behavior [ RunTime:0.001000s ]
INFO: [ app_begin ] --END-- [ RunTime:0.001000s ]
NOTIC: [8192] mysql_connect(): The mysql extension is deprecated and will be removed in the future: use mysqli or PDO instead E:\web\picture\ThinkPHP\Lib\Driver\Db\DbMysql.class.php 第 55 行.
SQL: SHOW COLUMNS FROM `images` [ RunTime:0.000000s ]
SQL: select sku,path,name from images where id IN(320365) [ RunTime:0.001000s ]

[ 2019-01-11T14:15:22+08:00 ] 127.0.0.1 /index.php?s=/Pangu/uploadimgs
INFO: [ app_begin ] --START--
INFO: Run ReadHtmlCache Behavior [ RunTime:0.001000s ]
INFO: [ app_begin ] --END-- [ RunTime:0.001000s ]
NOTIC: [8192] mysql_connect(): The mysql extension is deprecated and will be removed in the future: use mysqli or PDO instead E:\web\picture\ThinkPHP\Lib\Driver\Db\DbMysql.class.php 第 55 行.
SQL: SHOW COLUMNS FROM `images` [ RunTime:0.000000s ]
SQL: select sku,path,name from images where id IN(320362) [ RunTime:0.001000s ]

[ 2019-01-11T14:20:09+08:00 ] 127.0.0.1 /index.php?s=/Pangu/uploadimgs
INFO: [ app_begin ] --START--
INFO: Run ReadHtmlCache Behavior [ RunTime:0.000000s ]
INFO: [ app_begin ] --END-- [ RunTime:0.000000s ]
NOTIC: [8192] mysql_connect(): The mysql extension is deprecated and will be removed in the future: use mysqli or PDO instead E:\web\picture\ThinkPHP\Lib\Driver\Db\DbMysql.class.php 第 55 行.
SQL: SHOW COLUMNS FROM `images` [ RunTime:0.001000s ]
SQL: select sku,path,name from images where id IN(320366) [ RunTime:0.000000s ]

[ 2019-01-11T14:20:33+08:00 ] 127.0.0.1 /index.php?s=/Pangu/uploadimgs
INFO: [ app_begin ] --START--
INFO: Run ReadHtmlCache Behavior [ RunTime:0.001000s ]
INFO: [ app_begin ] --END-- [ RunTime:0.001000s ]
NOTIC: [8192] mysql_connect(): The mysql extension is deprecated and will be removed in the future: use mysqli or PDO instead E:\web\picture\ThinkPHP\Lib\Driver\Db\DbMysql.class.php 第 55 行.
SQL: SHOW COLUMNS FROM `images` [ RunTime:0.001000s ]
SQL: select sku,path,name from images where id IN(320366) [ RunTime:0.000000s ]

[ 2019-01-11T14:21:53+08:00 ] 127.0.0.1 /index.php?s=/Pangu/uploadimgs
INFO: [ app_begin ] --START--
INFO: Run ReadHtmlCache Behavior [ RunTime:0.000000s ]
INFO: [ app_begin ] --END-- [ RunTime:0.000000s ]
NOTIC: [8192] mysql_connect(): The mysql extension is deprecated and will be removed in the future: use mysqli or PDO instead E:\web\picture\ThinkPHP\Lib\Driver\Db\DbMysql.class.php 第 55 行.
SQL: SHOW COLUMNS FROM `images` [ RunTime:0.000000s ]
SQL: select sku,path,name from images where id IN(320366) [ RunTime:0.000000s ]

